#
# A fatal error has been detected by the Java Runtime Environment:
#
#  EXCEPTION_ACCESS_VIOLATION (0xc0000005) at pc=0x000001fb26795548, pid=11280, tid=24668
#
# JRE version: OpenJDK Runtime Environment Temurin-22.0.1+8 (22.0.1+8) (build 22.0.1+8)
# Java VM: OpenJDK 64-Bit Server VM Temurin-22.0.1+8 (22.0.1+8, mixed mode, tiered, compressed oops, compressed class ptrs, g1 gc, windows-amd64)
# Problematic frame:
# j  java.lang.invoke.DirectMethodHandle$Holder.newInvokeSpecial(Ljava/lang/Object;)Ljava/lang/Object;+15 java.base@22.0.1
#
# No core dump will be written. Minidumps are not enabled by default on client versions of Windows
#
# If you would like to submit a bug report, please visit:
#   https://github.com/adoptium/adoptium-support/issues
#

---------------  S U M M A R Y ------------

Command Line: -XX:+ShowCodeDetailsInExceptionMessages -agentlib:jdwp=transport=dt_socket,suspend=y,address=localhost:51415 -ea -Dfile.encoding=UTF-8 -Dstdout.encoding=UTF-8 -Dstderr.encoding=UTF-8 org.testng.remote.RemoteTestNG -serport 51414 -protocol json -d C:\Users\tanu1\eclipse-workspace\CucumberFramework\test-output C:\Users\tanu1\AppData\Local\Temp\testng-eclipse--844329162\testng-customsuite.xml

Host: 11th Gen Intel(R) Core(TM) i3-1115G4 @ 3.00GHz, 4 cores, 7G,  Windows 11 , 64 bit Build 22621 (10.0.22621.3672)
Time: Fri Jul 19 23:10:33 2024 India Standard Time elapsed time: 108.801460 seconds (0d 0h 1m 48s)

---------------  T H R E A D  ---------------

Current thread (0x000001fb1b75b880):  JavaThread "main"             [_thread_in_Java, id=24668, stack(0x00000025c2300000,0x00000025c2400000) (1024K)]

Stack: [0x00000025c2300000,0x00000025c2400000],  sp=0x00000025c23fce30,  free space=1011k
Native frames: (J=compiled Java code, j=interpreted, Vv=VM code, C=native code)
C  0x000001fb26795548  (no source info available)

The last pc belongs to invokestatic (printed below).

siginfo: EXCEPTION_ACCESS_VIOLATION (0xc0000005), reading address 0xffffffffffffffff


Registers:
RAX=0x000001fb34397958, RBX=0x000001fb33625090, RCX=0x000001fb335ad4f0, RDX=0x0000000000000002
RSP=0x00000025c23fce30, RBP=0x00000025c23fce88, RSI=0x000001fb395ffa68, RDI=0x000001fb38b369a0
R8 =0x0000000000000002, R9 =0x0000000000000002, R10=0x00007ffb4f59fd80, R11=0x000001fb335a9220
R12=0x0000000000000000, R13=0xfffffffffffffff7, R14=0x00000025c23fcea8, R15=0x000001fb1b75b880
RIP=0x000001fb26795548, EFLAGS=0x0000000000010282


Register to memory mapping:

RAX=0x000001fb34397958 is pointing into metadata
RBX={method} {0x000001fb33625098} 'linkToSpecial' '(Ljava/lang/Object;Ljava/lang/invoke/MemberName;)V' in 'java/lang/invoke/MethodHandle'
RCX=0x000001fb335ad4f0 is pointing into metadata
RDX=0x0000000000000002 is an unknown value
RSP=0x00000025c23fce30 is pointing into the stack for thread: 0x000001fb1b75b880
RBP=0x00000025c23fce88 is pointing into the stack for thread: 0x000001fb1b75b880
RSI=0x000001fb395ffa68 points into unknown readable memory: 0x80001300ef6b1ef2 | f2 1e 6b ef 00 13 00 80
RDI=0x000001fb38b369a0 points into unknown readable memory: 0x0000001800000070 | 70 00 00 00 18 00 00 00
R8 =0x0000000000000002 is an unknown value
R9 =0x0000000000000002 is an unknown value
R10=0x00007ffb4f59fd80 jvm.dll
R11={method} {0x000001fb335a9228} 'newInvokeSpecial' '(Ljava/lang/Object;)Ljava/lang/Object;' in 'java/lang/invoke/DirectMethodHandle$Holder'
R12=0x0 is null
R13=0xfffffffffffffff7 is an unknown value
R14=0x00000025c23fcea8 is pointing into the stack for thread: 0x000001fb1b75b880
R15=0x000001fb1b75b880 is a thread

Top of Stack: (sp=0x00000025c23fce30)
0x00000025c23fce30:   000001fb267791fa 0000000088232c58
0x00000025c23fce40:   fffffffffffffff7 000001fb335a920f
0x00000025c23fce50:   0000000000000004 000001fb335add90
0x00000025c23fce60:   000001fb34397950 0000000087244a28
0x00000025c23fce70:   000001fb335a9220 0000000000000000
0x00000025c23fce80:   00000025c23fceb0 00000025c23fcf08
0x00000025c23fce90:   000001fb26779727 0000000088232bb0
0x00000025c23fcea0:   0000000088232c58 0000000088232c10
0x00000025c23fceb0:   000001fb26779727 0000000088232c10
0x00000025c23fcec0:   fffffffffffffff7 000001fb335e7dd2
0x00000025c23fced0:   0000000000000003 000001fb335ea828
0x00000025c23fcee0:   000001fb343ba830 0000000087249100
0x00000025c23fcef0:   000001fb335e7de0 fffffffffffffff6
0x00000025c23fcf00:   00000025c23fcf18 00000025c23fcf70
0x00000025c23fcf10:   000001fb26779727 00000000872434d8
0x00000025c23fcf20:   0000000088232c10 fffffffffffffff7
0x00000025c23fcf30:   000001fb33220a58 0000000000000003
0x00000025c23fcf40:   000001fb33220ec8 0000000000000000
0x00000025c23fcf50:   000000008720f0d8 000001fb33220ad0
0x00000025c23fcf60:   fffffffffffffff5 00000025c23fcf80
0x00000025c23fcf70:   00000025c23fcfd8 000001fb26779727
0x00000025c23fcf80:   00000000882329a8 0000000088232c40
0x00000025c23fcf90:   fffffffffffffff7 000001fb332207d4
0x00000025c23fcfa0:   0000000000000005 000001fb33220ec8
0x00000025c23fcfb0:   0000000000000000 000000008720f0d8
0x00000025c23fcfc0:   000001fb332208a0 fffffffffffffff5
0x00000025c23fcfd0:   00000025c23fcff8 00000025c23fd050
0x00000025c23fcfe0:   000001fb2677a4a7 0000000000000000
0x00000025c23fcff0:   0000000000000000 00000000882329a8
0x00000025c23fd000:   0000000088232c40 fffffffffffffff7
0x00000025c23fd010:   000001fb330896c1 0000000000000007
0x00000025c23fd020:   000001fb3321a940 0000000000000000 

Instructions: (pc=0x000001fb26795548)
0x000001fb26795448:   ff d0 48 83 c4 20 ff e0 49 83 7f 08 00 0f 84 05
0x000001fb26795458:   00 00 00 e9 a0 ba fd ff 4c 8b 6d c0 4c 8b 75 c8
0x000001fb26795468:   4e 8d 74 f5 00 c3 48 8b 4d d0 41 0f b7 55 01 48
0x000001fb26795478:   8b 49 30 6b d2 18 48 8d 4c 11 08 48 8b 19 48 8b
0x000001fb26795488:   5b 08 48 8b 5b 08 48 8b 5b 18 80 bb 20 01 00 00
0x000001fb26795498:   05 0f 84 0d 00 00 00 4c 3b bb 30 01 00 00 0f 85
0x000001fb267954a8:   63 fe ff ff 0f b6 51 15 48 8b 19 4c 89 6d c0 44
0x000001fb267954b8:   8b ea 0f b6 51 14 49 ba 80 fd 59 4f fb 7f 00 00
0x000001fb267954c8:   49 8b 14 d2 52 41 8b d5 4c 8b 6d c0 48 8b 45 d8
0x000001fb267954d8:   48 85 c0 0f 84 12 00 00 00 48 83 40 08 01 48 83
0x000001fb267954e8:   58 08 00 48 83 c0 10 48 89 45 d8 48 8b 45 d8 48
0x000001fb267954f8:   85 c0 0f 84 23 01 00 00 80 78 f0 0a 0f 85 19 01
0x000001fb26795508:   00 00 48 83 c0 08 4c 8b 68 f8 41 83 ed 00 41 83
0x000001fb26795518:   fd 02 0f 8c f8 00 00 00 4c 8b 6b 08 45 0f b7 6d
0x000001fb26795528:   2e 4c 2b 28 41 83 ed 01 4e 8b 6c ec 08 4d 85 ed
0x000001fb26795538:   75 0e f6 40 08 01 75 4b f0 48 83 48 08 01 eb 43
0x000001fb26795548:   45 8b 6d 08 4d 8b d5 4c 33 68 08 49 f7 c5 fc ff
0x000001fb26795558:   ff ff 74 2f 41 f6 c5 02 75 29 48 83 78 08 00 74
0x000001fb26795568:   1e 48 83 78 08 01 74 17 4d 8b ea 4c 33 68 08 49
0x000001fb26795578:   f7 c5 fc ff ff ff 74 0b 48 83 48 08 02 eb 04 4c
0x000001fb26795588:   89 68 08 48 83 c0 10 4c 8b 68 e8 41 83 ed 02 41
0x000001fb26795598:   83 fd 02 0f 8c 77 00 00 00 4c 8b 6b 08 45 0f b7
0x000001fb267955a8:   6d 2e 4c 2b 28 41 83 ed 01 4e 8b 6c ec 08 4d 85
0x000001fb267955b8:   ed 75 0e f6 40 08 01 75 4b f0 48 83 48 08 01 eb
0x000001fb267955c8:   43 45 8b 6d 08 4d 8b d5 4c 33 68 08 49 f7 c5 fc
0x000001fb267955d8:   ff ff ff 74 2f 41 f6 c5 02 75 29 48 83 78 08 00
0x000001fb267955e8:   74 1e 48 83 78 08 01 74 17 4d 8b ea 4c 33 68 08
0x000001fb267955f8:   49 f7 c5 fc ff ff ff 74 0b 48 83 48 08 02 eb 04
0x000001fb26795608:   4c 89 68 08 48 83 c0 10 4c 8b 68 d8 41 83 ed 04
0x000001fb26795618:   41 c1 e5 03 49 03 c5 48 89 45 d8 4c 8d 6c 24 08
0x000001fb26795628:   49 8b cd 48 2b cd 48 c1 f9 03 48 89 4d f0 41 80
0x000001fb26795638:   bf e8 05 00 00 00 74 03 ff 63 38 ff 63 50 66 90 


Stack slot to memory mapping:

stack at sp + 0 slots: 0x000001fb267791fa is at code_begin+3450 in an Interpreter codelet
return entry points  [0x000001fb26778480, 0x000001fb2677a640]  8640 bytes
stack at sp + 1 slots: 0x0000000088232c58 is an oop: utils.TestContextSetup 
{0x0000000088232c58} - klass: 'utils/TestContextSetup'
 - ---- fields (total size 5 words):
 - public 'driver' 'Lorg/openqa/selenium/WebDriver;' @12  null (0x00000000)
 - public 'val' 'Ljava/lang/String;' @16  ""{0x0000000087249220} (0x87249220)
 - public 'Product' 'Ljava/lang/String;' @20  ""{0x0000000087249220} (0x87249220)
 - public 'pageobjmag' 'LpageObject/PageObjectManager;' @24  null (0x00000000)
 - public 'testBase' 'Lutils/TestBase;' @28  a 'utils/TestBase'{0x0000000088232c98} (0x88232c98)
 - public 'genericClass' 'Lutils/genericUtils;' @32  null (0x00000000)
stack at sp + 2 slots: 0xfffffffffffffff7 is an unknown value
stack at sp + 3 slots: 0x000001fb335a920f is pointing into metadata
stack at sp + 4 slots: 0x0000000000000004 is an unknown value
stack at sp + 5 slots: 0x000001fb335add90 is pointing into metadata
stack at sp + 6 slots: 0x000001fb34397950 is pointing into metadata
stack at sp + 7 slots: 0x0000000087244a28 is an oop: java.lang.Class 
{0x0000000087244a28} - klass: 'java/lang/Class'
 - ---- fields (total size 14 words):
 - private volatile transient 'classRedefinedCount' 'I' @12  0 (0x00000000)
 - injected 'klass' 'J' @16  436269976 (0x000000001a00f398)
 - injected 'array_klass' 'J' @24  0 (0x0000000000000000)
 - injected 'oop_size' 'I' @32  14 (0x0000000e)
 - injected 'static_oop_field_count' 'I' @36  0 (0x00000000)
 - private volatile transient 'cachedConstructor' 'Ljava/lang/reflect/Constructor;' @40  null (0x00000000)
 - private transient 'name' 'Ljava/lang/String;' @44  null (0x00000000)
 - private transient 'module' 'Ljava/lang/Module;' @48  a 'java/lang/Module'{0x0000000087230748} (0x87230748)
 - private final 'classLoader' 'Ljava/lang/ClassLoader;' @52  null (0x00000000)
 - private transient 'classData' 'Ljava/lang/Object;' @56  null (0x00000000)
 - private transient 'packageName' 'Ljava/lang/String;' @60  null (0x00000000)
 - private final 'componentType' 'Ljava/lang/Class;' @64  null (0x00000000)
 - private volatile transient 'reflectionData' 'Ljava/lang/ref/SoftReference;' @68  null (0x00000000)
 - private volatile transient 'genericInfo' 'Lsun/reflect/generics/repository/ClassRepository;' @72  null (0x00000000)
 - private volatile transient 'enumConstants' '[Ljava/lang/Object;' @76  null (0x00000000)
 - private volatile transient 'enumConstantDirectory' 'Ljava/util/Map;' @80  null (0x00000000)
 - private volatile transient 'annotationData' 'Ljava/lang/Class$AnnotationData;' @84  null (0x00000000)
 - private volatile transient 'annotationType' 'Lsun/reflect/annotation/AnnotationType;' @88  null (0x00000000)
 - transient 'classValueMap' 'Ljava/lang/ClassValue$ClassValueMap;' @92  null (0x00000000)
 - injected 'protection_domain' 'Ljava/lang/Object;' @96  null (0x00000000)
 - injected 'signers_name' 'Ljava/lang/Object;' @100  null (0x00000000)
 - injected 'source_file' 'Ljava/lang/Object;' @104  null (0x00000000)
 - signature: Ljava/lang/invoke/DirectMethodHandle$Holder;
 - ---- static fields (0):

invokestatic  184 invokestatic  [0x000001fb267952c0, 0x000001fb26795648]  904 bytes
[MachCode]
  0x000001fb267952c0: 4883 ec08 | c5fa 1104 | 24eb 1f48 | 83ec 10c5 | fb11 0424 | eb14 4883 | ec10 4889 | 0424 48c7 
  0x000001fb267952e0: 4424 0800 | 0000 00eb | 0150 488b | 4dd0 410f | b755 0148 | 8b49 306b | d218 488d | 4c11 080f 
  0x000001fb26795300: b659 1681 | fbb8 0000 | 000f 8474 | 0100 00bb | b800 0000 | e805 0000 | 00e9 5001 | 0000 488b 
  0x000001fb26795320: d348 8d44 | 2408 4c89 | 6dc0 498b | cfc5 f877 | 4989 afb0 | 0300 0049 | 8987 a003 | 0000 4883 
  0x000001fb26795340: ec20 40f6 | c40f 0f84 | 1900 0000 | 4883 ec08 | 48b8 a036 | c94e fb7f | 0000 ffd0 | 4883 c408 
  0x000001fb26795360: e90c 0000 | 0048 b8a0 | 36c9 4efb | 7f00 00ff | d048 83c4 | 2049 c787 | a003 0000 | 0000 0000 
  0x000001fb26795380: 49c7 87b0 | 0300 0000 | 0000 0049 | c787 a803 | 0000 0000 | 0000 c5f8 | 7741 8b8f | 3405 0000 
  0x000001fb267953a0: f6c1 010f | 8442 0000 | 00f6 c102 | 0f85 3900 | 0000 4883 | ec20 40f6 | c40f 0f84 | 1900 0000 
  0x000001fb267953c0: 4883 ec08 | 48b8 a0e0 | c84e fb7f | 0000 ffd0 | 4883 c408 | e90c 0000 | 0048 b8a0 | e0c8 4efb 
  0x000001fb267953e0: 7f00 00ff | d048 83c4 | 20ff e049 | 8b8f e005 | 0000 4885 | c90f 8455 | 0000 008b | 899c 0000 
  0x000001fb26795400: 0083 f901 | 0f85 4600 | 0000 498b | 8fe0 0500 | 008b 89a0 | 0000 0048 | 83ec 2040 | f6c4 0f0f 
  0x000001fb26795420: 8419 0000 | 0048 83ec | 0848 b890 | e0c8 4efb | 7f00 00ff | d048 83c4 | 08e9 0c00 | 0000 48b8 
  0x000001fb26795440: 90e0 c84e | fb7f 0000 | ffd0 4883 | c420 ffe0 | 4983 7f08 | 000f 8405 | 0000 00e9 | a0ba fdff 
  0x000001fb26795460: 4c8b 6dc0 | 4c8b 75c8 | 4e8d 74f5 | 00c3 488b | 4dd0 410f | b755 0148 | 8b49 306b | d218 488d 
  0x000001fb26795480: 4c11 0848 | 8b19 488b | 5b08 488b | 5b08 488b | 5b18 80bb | 2001 0000 | 050f 840d | 0000 004c 
  0x000001fb267954a0: 3bbb 3001 | 0000 0f85 | 63fe ffff | 0fb6 5115 | 488b 194c | 896d c044 | 8bea 0fb6 | 5114 49ba 
  0x000001fb267954c0: 80fd 594f | fb7f 0000 | 498b 14d2 | 5241 8bd5 | 4c8b 6dc0 | 488b 45d8 | 4885 c00f | 8412 0000 
  0x000001fb267954e0: 0048 8340 | 0801 4883 | 5808 0048 | 83c0 1048 | 8945 d848 | 8b45 d848 | 85c0 0f84 | 2301 0000 
  0x000001fb26795500: 8078 f00a | 0f85 1901 | 0000 4883 | c008 4c8b | 68f8 4183 | ed00 4183 | fd02 0f8c | f800 0000 
  0x000001fb26795520: 4c8b 6b08 | 450f b76d | 2e4c 2b28 | 4183 ed01 | 4e8b 6cec | 084d 85ed | 750e f640 | 0801 754b 
  0x000001fb26795540: f048 8348 | 0801 eb43 | 458b 6d08 | 4d8b d54c | 3368 0849 | f7c5 fcff | ffff 742f | 41f6 c502 
  0x000001fb26795560: 7529 4883 | 7808 0074 | 1e48 8378 | 0801 7417 | 4d8b ea4c | 3368 0849 | f7c5 fcff | ffff 740b 
  0x000001fb26795580: 4883 4808 | 02eb 044c | 8968 0848 | 83c0 104c | 8b68 e841 | 83ed 0241 | 83fd 020f | 8c77 0000 
  0x000001fb267955a0: 004c 8b6b | 0845 0fb7 | 6d2e 4c2b | 2841 83ed | 014e 8b6c | ec08 4d85 | ed75 0ef6 | 4008 0175 
  0x000001fb267955c0: 4bf0 4883 | 4808 01eb | 4345 8b6d | 084d 8bd5 | 4c33 6808 | 49f7 c5fc | ffff ff74 | 2f41 f6c5 
  0x000001fb267955e0: 0275 2948 | 8378 0800 | 741e 4883 | 7808 0174 | 174d 8bea | 4c33 6808 | 49f7 c5fc | ffff ff74 
  0x000001fb26795600: 0b48 8348 | 0802 eb04 | 4c89 6808 | 4883 c010 | 4c8b 68d8 | 4183 ed04 | 41c1 e503 | 4903 c548 
  0x000001fb26795620: 8945 d84c | 8d6c 2408 | 498b cd48 | 2bcd 48c1 | f903 4889 | 4df0 4180 | bfe8 0500 | 0000 7403 
  0x000001fb26795640: ff63 38ff | 6350 6690 
[/MachCode]

---------------  P R O C E S S  ---------------

Threads class SMR info:
_java_thread_list=0x000001fb3a3c5ca0, length=15, elements={
0x000001fb1b75b880, 0x000001fb37050dd0, 0x000001fb370516d0, 0x000001fb3707ea20,
0x000001fb3707f480, 0x000001fb37056d90, 0x000001fb3705bfc0, 0x000001fb370698a0,
0x000001fb3706ed60, 0x000001fb3723bdf0, 0x000001fb37246140, 0x000001fb3724b320,
0x000001fb37250420, 0x000001fb3726a7d0, 0x000001fb37bed730
}

Java Threads: ( => current thread )
=>0x000001fb1b75b880 JavaThread "main"                              [_thread_in_Java, id=24668, stack(0x00000025c2300000,0x00000025c2400000) (1024K)]
  0x000001fb37050dd0 JavaThread "Reference Handler"          daemon [_thread_blocked, id=20040, stack(0x00000025c2b00000,0x00000025c2c00000) (1024K)]
  0x000001fb370516d0 JavaThread "Finalizer"                  daemon [_thread_blocked, id=17012, stack(0x00000025c2c00000,0x00000025c2d00000) (1024K)]
  0x000001fb3707ea20 JavaThread "Signal Dispatcher"          daemon [_thread_blocked, id=20592, stack(0x00000025c2d00000,0x00000025c2e00000) (1024K)]
  0x000001fb3707f480 JavaThread "Attach Listener"            daemon [_thread_blocked, id=21456, stack(0x00000025c2e00000,0x00000025c2f00000) (1024K)]
  0x000001fb37056d90 JavaThread "Service Thread"             daemon [_thread_blocked, id=26000, stack(0x00000025c2f00000,0x00000025c3000000) (1024K)]
  0x000001fb3705bfc0 JavaThread "Monitor Deflation Thread"   daemon [_thread_blocked, id=22600, stack(0x00000025c3000000,0x00000025c3100000) (1024K)]
  0x000001fb370698a0 JavaThread "C2 CompilerThread0"         daemon [_thread_blocked, id=15380, stack(0x00000025c3100000,0x00000025c3200000) (1024K)]
  0x000001fb3706ed60 JavaThread "C1 CompilerThread0"         daemon [_thread_blocked, id=25708, stack(0x00000025c3200000,0x00000025c3300000) (1024K)]
  0x000001fb3723bdf0 JavaThread "JDWP Transport Listener: dt_socket" daemon [_thread_blocked, id=25996, stack(0x00000025c3300000,0x00000025c3400000) (1024K)]
  0x000001fb37246140 JavaThread "JDWP Event Helper Thread"   daemon [_thread_blocked, id=3436, stack(0x00000025c3400000,0x00000025c3500000) (1024K)]
  0x000001fb3724b320 JavaThread "JDWP Command Reader"        daemon [_thread_in_native, id=25976, stack(0x00000025c3500000,0x00000025c3600000) (1024K)]
  0x000001fb37250420 JavaThread "Notification Thread"        daemon [_thread_blocked, id=5268, stack(0x00000025c3600000,0x00000025c3700000) (1024K)]
  0x000001fb3726a7d0 JavaThread "Common-Cleaner"             daemon [_thread_blocked, id=21800, stack(0x00000025c3700000,0x00000025c3800000) (1024K)]
  0x000001fb37bed730 JavaThread "ReaderThread"                      [_thread_in_native, id=2948, stack(0x00000025c3a00000,0x00000025c3b00000) (1024K)]
Total: 15

Other Threads:
  0x000001fb32d19e80 VMThread "VM Thread"                           [id=24272, stack(0x00000025c2a00000,0x00000025c2b00000) (1024K)]
  0x000001fb32cc40b0 WatcherThread "VM Periodic Task Thread"        [id=26764, stack(0x00000025c2900000,0x00000025c2a00000) (1024K)]
  0x000001fb1b7a8e50 WorkerThread "GC Thread#0"                     [id=9140, stack(0x00000025c2400000,0x00000025c2500000) (1024K)]
  0x000001fb38088f80 WorkerThread "GC Thread#1"                     [id=25660, stack(0x00000025c3b00000,0x00000025c3c00000) (1024K)]
  0x000001fb38089330 WorkerThread "GC Thread#2"                     [id=3380, stack(0x00000025c3c00000,0x00000025c3d00000) (1024K)]
  0x000001fb380896e0 WorkerThread "GC Thread#3"                     [id=18964, stack(0x00000025c3d00000,0x00000025c3e00000) (1024K)]
  0x000001fb1b7b91f0 ConcurrentGCThread "G1 Main Marker"            [id=26656, stack(0x00000025c2500000,0x00000025c2600000) (1024K)]
  0x000001fb1b7bb4b0 WorkerThread "G1 Conc#0"                       [id=15252, stack(0x00000025c2600000,0x00000025c2700000) (1024K)]
  0x000001fb1b80e580 ConcurrentGCThread "G1 Refine#0"               [id=18928, stack(0x00000025c2700000,0x00000025c2800000) (1024K)]
  0x000001fb32b99270 ConcurrentGCThread "G1 Service"                [id=26564, stack(0x00000025c2800000,0x00000025c2900000) (1024K)]
Total: 10

Threads with active compile tasks:
Total: 0

VM state: not at safepoint (normal execution)

VM Mutex/Monitor currently owned by a thread: None

Heap address: 0x0000000087000000, size: 1936 MB, Compressed Oops mode: 32-bit

CDS archive(s) not mapped
Compressed class space mapped at: 0x000000001a000000-0x000000005a000000, reserved size: 1073741824
Narrow klass base: 0x0000000000000000, Narrow klass shift: 0, Narrow klass range: 0x5a000000

GC Precious Log:
 CardTable entry size: 512
 Card Set container configuration: InlinePtr #cards 5 size 8 Array Of Cards #cards 12 size 40 Howl #buckets 4 coarsen threshold 1843 Howl Bitmap #cards 512 size 80 coarsen threshold 460 Card regions per heap region 1 cards per card region 2048
 CPUs: 4 total, 4 available
 Memory: 7739M
 Large Page Support: Disabled
 NUMA Support: Disabled
 Compressed Oops: Enabled (32-bit)
 Heap Region Size: 1M
 Heap Min Capacity: 8M
 Heap Initial Capacity: 122M
 Heap Max Capacity: 1936M
 Pre-touch: Disabled
 Parallel Workers: 4
 Concurrent Workers: 1
 Concurrent Refinement Workers: 4
 Periodic GC: Disabled

Heap:
 garbage-first heap   total reserved 1982464K, committed 24576K, used 12778K [0x0000000087000000, 0x0000000100000000)
  region size 1024K, 8 young (8192K), 2 survivors (2048K)
 Metaspace       used 25420K, committed 25792K, reserved 1114112K
  class space    used 2810K, committed 2944K, reserved 1048576K

Heap Regions: E=young(eden), S=young(survivor), O=old, HS=humongous(starts), HC=humongous(continues), CS=collection set, F=free, TAMS=top-at-mark-start, PB=parsable bottom
|   0|0x0000000087000000, 0x0000000087100000, 0x0000000087100000|100%| O|  |TAMS 0x0000000087000000| PB 0x0000000087000000| Untracked |  0
|   1|0x0000000087100000, 0x0000000087200000, 0x0000000087200000|100%| O|  |TAMS 0x0000000087100000| PB 0x0000000087100000| Untracked |  0
|   2|0x0000000087200000, 0x0000000087300000, 0x0000000087300000|100%| O|  |TAMS 0x0000000087200000| PB 0x0000000087200000| Untracked |  0
|   3|0x0000000087300000, 0x0000000087400000, 0x0000000087400000|100%| O|  |TAMS 0x0000000087300000| PB 0x0000000087300000| Untracked |  0
|   4|0x0000000087400000, 0x000000008744e1d0, 0x0000000087500000| 30%| O|Cm|TAMS 0x0000000087400000| PB 0x0000000087400000| Complete |  0
|   5|0x0000000087500000, 0x0000000087600000, 0x0000000087600000|100%| O|  |TAMS 0x0000000087500000| PB 0x0000000087500000| Untracked |  0
|   6|0x0000000087600000, 0x00000000876bdb30, 0x0000000087700000| 74%| O|  |TAMS 0x0000000087600000| PB 0x0000000087600000| Untracked |  0
|   7|0x0000000087700000, 0x0000000087700000, 0x0000000087800000|  0%| F|  |TAMS 0x0000000087700000| PB 0x0000000087700000| Untracked |  0
|   8|0x0000000087800000, 0x000000008786ec30, 0x0000000087900000| 43%| S|CS|TAMS 0x0000000087800000| PB 0x0000000087800000| Complete |  0
|   9|0x0000000087900000, 0x0000000087a00000, 0x0000000087a00000|100%| S|CS|TAMS 0x0000000087900000| PB 0x0000000087900000| Complete |  0
|  10|0x0000000087a00000, 0x0000000087a00000, 0x0000000087b00000|  0%| F|  |TAMS 0x0000000087a00000| PB 0x0000000087a00000| Untracked |  0
|  11|0x0000000087b00000, 0x0000000087b00000, 0x0000000087c00000|  0%| F|  |TAMS 0x0000000087b00000| PB 0x0000000087b00000| Untracked |  0
|  12|0x0000000087c00000, 0x0000000087c00000, 0x0000000087d00000|  0%| F|  |TAMS 0x0000000087c00000| PB 0x0000000087c00000| Untracked |  0
|  13|0x0000000087d00000, 0x0000000087d00000, 0x0000000087e00000|  0%| F|  |TAMS 0x0000000087d00000| PB 0x0000000087d00000| Untracked |  0
|  14|0x0000000087e00000, 0x0000000087e00000, 0x0000000087f00000|  0%| F|  |TAMS 0x0000000087e00000| PB 0x0000000087e00000| Untracked |  0
|  15|0x0000000087f00000, 0x0000000087f00000, 0x0000000088000000|  0%| F|  |TAMS 0x0000000087f00000| PB 0x0000000087f00000| Untracked |  0
|  16|0x0000000088000000, 0x0000000088000000, 0x0000000088100000|  0%| F|  |TAMS 0x0000000088000000| PB 0x0000000088000000| Untracked |  0
|  17|0x0000000088100000, 0x0000000088100000, 0x0000000088200000|  0%| F|  |TAMS 0x0000000088100000| PB 0x0000000088100000| Untracked |  0
|  18|0x0000000088200000, 0x000000008825a100, 0x0000000088300000| 35%| E|  |TAMS 0x0000000088200000| PB 0x0000000088200000| Complete |  0
|  19|0x0000000088300000, 0x0000000088400000, 0x0000000088400000|100%| E|CS|TAMS 0x0000000088300000| PB 0x0000000088300000| Complete |  0
|  20|0x0000000088400000, 0x0000000088500000, 0x0000000088500000|100%| E|CS|TAMS 0x0000000088400000| PB 0x0000000088400000| Complete |  0
| 114|0x000000008e200000, 0x000000008e300000, 0x000000008e300000|100%| E|CS|TAMS 0x000000008e200000| PB 0x000000008e200000| Complete |  0
| 115|0x000000008e300000, 0x000000008e400000, 0x000000008e400000|100%| E|CS|TAMS 0x000000008e300000| PB 0x000000008e300000| Complete |  0
| 121|0x000000008e900000, 0x000000008ea00000, 0x000000008ea00000|100%| E|CS|TAMS 0x000000008e900000| PB 0x000000008e900000| Complete |  0

Card table byte_map: [0x000001fb2e610000,0x000001fb2e9e0000] _byte_map_base: 0x000001fb2e1d8000

Marking Bits: (CMBitMap*) 0x000001fb1b7a9560
 Bits: [0x000001fb2e9e0000, 0x000001fb30820000)

Polling page: 0x000001fb19720000

Metaspace:

Usage:
  Non-class:     22.08 MB used.
      Class:      2.74 MB used.
       Both:     24.83 MB used.

Virtual space:
  Non-class space:       64.00 MB reserved,      22.31 MB ( 35%) committed,  1 nodes.
      Class space:        1.00 GB reserved,       2.88 MB ( <1%) committed,  1 nodes.
             Both:        1.06 GB reserved,      25.19 MB (  2%) committed. 

Chunk freelists:
   Non-Class:  9.67 MB
       Class:  13.14 MB
        Both:  22.81 MB

MaxMetaspaceSize: unlimited
CompressedClassSpaceSize: 1.00 GB
Initial GC threshold: 21.00 MB
Current GC threshold: 35.25 MB
CDS: off
 - commit_granule_bytes: 65536.
 - commit_granule_words: 8192.
 - virtual_space_node_default_size: 8388608.
 - enlarge_chunks_in_place: 1.
 - use_allocation_guard: 0.


Internal statistics:

num_allocs_failed_limit: 3.
num_arena_births: 400.
num_arena_deaths: 0.
num_vsnodes_births: 2.
num_vsnodes_deaths: 0.
num_space_committed: 403.
num_space_uncommitted: 0.
num_chunks_returned_to_freelist: 3.
num_chunks_taken_from_freelist: 947.
num_chunk_merges: 3.
num_chunk_splits: 595.
num_chunks_enlarged: 379.
num_inconsistent_stats: 0.

CodeHeap 'non-profiled nmethods': size=120000Kb used=894Kb max_used=894Kb free=119105Kb
 bounds [0x000001fb26d10000, 0x000001fb26f80000, 0x000001fb2e240000]
CodeHeap 'profiled nmethods': size=120000Kb used=4472Kb max_used=4472Kb free=115527Kb
 bounds [0x000001fb1f240000, 0x000001fb1f6a0000, 0x000001fb26770000]
CodeHeap 'non-nmethods': size=5760Kb used=1701Kb max_used=1769Kb free=4058Kb
 bounds [0x000001fb26770000, 0x000001fb269e0000, 0x000001fb26d10000]
 total_blobs=2841 nmethods=2282 adapters=463
 compilation: enabled
              stopped_count=0, restarted_count=0
 full_count=0

Compilation events (20 events):
Event: 1.765 Thread 0x000001fb3706ed60 2279       3       java.lang.invoke.DirectMethodHandle$Holder::invokeSpecial (14 bytes)
Event: 1.765 Thread 0x000001fb3706ed60 nmethod 2279 0x000001fb1f69ac10 code [0x000001fb1f69ade0, 0x000001fb1f69b280]
Event: 1.765 Thread 0x000001fb3706ed60 2280       3       io.cucumber.core.internal.com.fasterxml.jackson.databind.ser.BeanPropertyWriter::serializeAsField (233 bytes)
Event: 1.767 Thread 0x000001fb3706ed60 nmethod 2280 0x000001fb1f69b390 code [0x000001fb1f69b780, 0x000001fb1f69cfd0]
Event: 1.768 Thread 0x000001fb3706ed60 2281       1       io.cucumber.core.internal.com.fasterxml.jackson.core.io.SerializedString::getValue (5 bytes)
Event: 1.768 Thread 0x000001fb3706ed60 nmethod 2281 0x000001fb26dc6810 code [0x000001fb26dc69a0, 0x000001fb26dc6a68]
Event: 1.769 Thread 0x000001fb3706ed60 2282       3       java.lang.reflect.Executable::getGenericParameterTypes (20 bytes)
Event: 1.770 Thread 0x000001fb3706ed60 nmethod 2282 0x000001fb1f69d810 code [0x000001fb1f69da20, 0x000001fb1f69e0f8]
Event: 1.909 Thread 0x000001fb370698a0 nmethod 1826 0x000001fb26dc6b10 code [0x000001fb26dc76a0, 0x000001fb26dd4d38]
Event: 1.909 Thread 0x000001fb370698a0 2203       4       java.util.concurrent.locks.AbstractQueuedSynchronizer::compareAndSetState (13 bytes)
Event: 1.910 Thread 0x000001fb370698a0 nmethod 2203 0x000001fb26ddb290 code [0x000001fb26ddb400, 0x000001fb26ddb490]
Event: 1.910 Thread 0x000001fb370698a0 2242       4       java.lang.Character::isWhitespace (9 bytes)
Event: 1.910 Thread 0x000001fb370698a0 nmethod 2242 0x000001fb26ddb590 code [0x000001fb26ddb720, 0x000001fb26ddb850]
Event: 1.910 Thread 0x000001fb370698a0 2161       4       java.util.concurrent.locks.ReentrantLock$Sync::tryRelease (51 bytes)
Event: 1.911 Thread 0x000001fb370698a0 nmethod 2161 0x000001fb26ddb990 code [0x000001fb26ddbb00, 0x000001fb26ddbc28]
Event: 1.911 Thread 0x000001fb370698a0 2199       4       jdk.internal.org.objectweb.asm.MethodWriter::visitEnd (1 bytes)
Event: 1.911 Thread 0x000001fb370698a0 nmethod 2199 0x000001fb26ddbd10 code [0x000001fb26ddbe80, 0x000001fb26ddbef8]
Event: 1.911 Thread 0x000001fb370698a0 2217       4       jdk.internal.org.objectweb.asm.MethodWriter::visitCode (1 bytes)
Event: 1.911 Thread 0x000001fb370698a0 nmethod 2217 0x000001fb26ddc010 code [0x000001fb26ddc180, 0x000001fb26ddc1f8]
Event: 2.012 Thread 0x000001fb37a9a930 nmethod 2127 0x000001fb26ddc310 code [0x000001fb26ddce60, 0x000001fb26de98e0]

GC Heap History (8 events):
Event: 0.897 GC heap before
{Heap before GC invocations=0 (full 0):
 garbage-first heap   total reserved 1982464K, committed 124928K, used 13312K [0x0000000087000000, 0x0000000100000000)
  region size 1024K, 14 young (14336K), 0 survivors (0K)
 Metaspace       used 14150K, committed 14336K, reserved 1114112K
  class space    used 1365K, committed 1472K, reserved 1048576K
}
Event: 0.900 GC heap after
{Heap after GC invocations=1 (full 0):
 garbage-first heap   total reserved 1982464K, committed 124928K, used 4288K [0x0000000087000000, 0x0000000100000000)
  region size 1024K, 2 young (2048K), 2 survivors (2048K)
 Metaspace       used 14150K, committed 14336K, reserved 1114112K
  class space    used 1365K, committed 1472K, reserved 1048576K
}
Event: 1.249 GC heap before
{Heap before GC invocations=1 (full 0):
 garbage-first heap   total reserved 1982464K, committed 124928K, used 20672K [0x0000000087000000, 0x0000000100000000)
  region size 1024K, 19 young (19456K), 2 survivors (2048K)
 Metaspace       used 19816K, committed 20096K, reserved 1114112K
  class space    used 2015K, committed 2112K, reserved 1048576K
}
Event: 1.253 GC heap after
{Heap after GC invocations=2 (full 0):
 garbage-first heap   total reserved 1982464K, committed 124928K, used 6385K [0x0000000087000000, 0x0000000100000000)
  region size 1024K, 2 young (2048K), 2 survivors (2048K)
 Metaspace       used 19816K, committed 20096K, reserved 1114112K
  class space    used 2015K, committed 2112K, reserved 1048576K
}
Event: 1.309 GC heap before
{Heap before GC invocations=2 (full 0):
 garbage-first heap   total reserved 1982464K, committed 124928K, used 11505K [0x0000000087000000, 0x0000000100000000)
  region size 1024K, 8 young (8192K), 2 survivors (2048K)
 Metaspace       used 21205K, committed 21504K, reserved 1114112K
  class space    used 2176K, committed 2304K, reserved 1048576K
}
Event: 1.311 GC heap after
{Heap after GC invocations=3 (full 0):
 garbage-first heap   total reserved 1982464K, committed 124928K, used 6401K [0x0000000087000000, 0x0000000100000000)
  region size 1024K, 2 young (2048K), 2 survivors (2048K)
 Metaspace       used 21205K, committed 21504K, reserved 1114112K
  class space    used 2176K, committed 2304K, reserved 1048576K
}
Event: 1.612 GC heap before
{Heap before GC invocations=4 (full 0):
 garbage-first heap   total reserved 1982464K, committed 24576K, used 18689K [0x0000000087000000, 0x0000000100000000)
  region size 1024K, 14 young (14336K), 2 survivors (2048K)
 Metaspace       used 24148K, committed 24512K, reserved 1114112K
  class space    used 2590K, committed 2752K, reserved 1048576K
}
Event: 1.615 GC heap after
{Heap after GC invocations=5 (full 0):
 garbage-first heap   total reserved 1982464K, committed 24576K, used 7658K [0x0000000087000000, 0x0000000100000000)
  region size 1024K, 2 young (2048K), 2 survivors (2048K)
 Metaspace       used 24148K, committed 24512K, reserved 1114112K
  class space    used 2590K, committed 2752K, reserved 1048576K
}

Dll operation events (8 events):
Event: 0.009 Loaded shared library C:\Users\tanu1\.p2\pool\plugins\org.eclipse.justj.openjdk.hotspot.jre.full.win32.x86_64_22.0.1.v20240426-1149\jre\bin\java.dll
Event: 0.012 Loaded shared library C:\Users\tanu1\.p2\pool\plugins\org.eclipse.justj.openjdk.hotspot.jre.full.win32.x86_64_22.0.1.v20240426-1149\jre\bin\zip.dll
Event: 0.386 Loaded shared library C:\Users\tanu1\.p2\pool\plugins\org.eclipse.justj.openjdk.hotspot.jre.full.win32.x86_64_22.0.1.v20240426-1149\jre\bin\net.dll
Event: 0.387 Loaded shared library C:\Users\tanu1\.p2\pool\plugins\org.eclipse.justj.openjdk.hotspot.jre.full.win32.x86_64_22.0.1.v20240426-1149\jre\bin\nio.dll
Event: 0.399 Loaded shared library C:\Users\tanu1\.p2\pool\plugins\org.eclipse.justj.openjdk.hotspot.jre.full.win32.x86_64_22.0.1.v20240426-1149\jre\bin\zip.dll
Event: 0.555 Loaded shared library C:\Users\tanu1\.p2\pool\plugins\org.eclipse.justj.openjdk.hotspot.jre.full.win32.x86_64_22.0.1.v20240426-1149\jre\bin\jimage.dll
Event: 0.613 Loaded shared library C:\Users\tanu1\.p2\pool\plugins\org.eclipse.justj.openjdk.hotspot.jre.full.win32.x86_64_22.0.1.v20240426-1149\jre\bin\verify.dll
Event: 0.693 Loaded shared library C:\Users\tanu1\.p2\pool\plugins\org.eclipse.justj.openjdk.hotspot.jre.full.win32.x86_64_22.0.1.v20240426-1149\jre\bin\extnet.dll

Deoptimization events (20 events):
Event: 1.697 Thread 0x000001fb1b75b880 DEOPT PACKING pc=0x000001fb26d297c4 sp=0x00000025c23fd6c0
Event: 1.697 Thread 0x000001fb1b75b880 DEOPT UNPACKING pc=0x000001fb267c7da2 sp=0x00000025c23fd668 mode 2
Event: 1.697 Thread 0x000001fb1b75b880 Uncommon trap: trap_request=0xffffffde fr.pc=0x000001fb26d297c4 relative=0x00000000000001a4
Event: 1.697 Thread 0x000001fb1b75b880 Uncommon trap: reason=class_check action=maybe_recompile pc=0x000001fb26d297c4 method=java.lang.String.equals(Ljava/lang/Object;)Z @ 8 c2
Event: 1.697 Thread 0x000001fb1b75b880 DEOPT PACKING pc=0x000001fb26d297c4 sp=0x00000025c23fd6c0
Event: 1.697 Thread 0x000001fb1b75b880 DEOPT UNPACKING pc=0x000001fb267c7da2 sp=0x00000025c23fd668 mode 2
Event: 1.697 Thread 0x000001fb1b75b880 Uncommon trap: trap_request=0xffffffde fr.pc=0x000001fb26d297c4 relative=0x00000000000001a4
Event: 1.697 Thread 0x000001fb1b75b880 Uncommon trap: reason=class_check action=maybe_recompile pc=0x000001fb26d297c4 method=java.lang.String.equals(Ljava/lang/Object;)Z @ 8 c2
Event: 1.697 Thread 0x000001fb1b75b880 DEOPT PACKING pc=0x000001fb26d297c4 sp=0x00000025c23fd6c0
Event: 1.697 Thread 0x000001fb1b75b880 DEOPT UNPACKING pc=0x000001fb267c7da2 sp=0x00000025c23fd668 mode 2
Event: 1.697 Thread 0x000001fb1b75b880 Uncommon trap: trap_request=0xffffffde fr.pc=0x000001fb26d297c4 relative=0x00000000000001a4
Event: 1.697 Thread 0x000001fb1b75b880 Uncommon trap: reason=class_check action=maybe_recompile pc=0x000001fb26d297c4 method=java.lang.String.equals(Ljava/lang/Object;)Z @ 8 c2
Event: 1.697 Thread 0x000001fb1b75b880 DEOPT PACKING pc=0x000001fb26d297c4 sp=0x00000025c23fd6c0
Event: 1.697 Thread 0x000001fb1b75b880 DEOPT UNPACKING pc=0x000001fb267c7da2 sp=0x00000025c23fd668 mode 2
Event: 1.717 Thread 0x000001fb1b75b880 Uncommon trap: trap_request=0xffffff45 fr.pc=0x000001fb26db4248 relative=0x00000000000000a8
Event: 1.717 Thread 0x000001fb1b75b880 Uncommon trap: reason=unstable_if action=reinterpret pc=0x000001fb26db4248 method=java.lang.CharacterDataLatin1.isWhitespace(I)Z @ 14 c2
Event: 1.717 Thread 0x000001fb1b75b880 DEOPT PACKING pc=0x000001fb26db4248 sp=0x00000025c23fd990
Event: 1.717 Thread 0x000001fb1b75b880 DEOPT UNPACKING pc=0x000001fb267c7da2 sp=0x00000025c23fd920 mode 2
Event: 108.766 Thread 0x000001fb1b75b880 DEOPT PACKING pc=0x000001fb1f5b226c sp=0x00000025c23fce40
Event: 108.766 Thread 0x000001fb1b75b880 DEOPT UNPACKING pc=0x000001fb267c88e2 sp=0x00000025c23fc2f8 mode 0

Classes loaded (20 events):
Event: 1.710 Loading class java/util/regex/PatternSyntaxException
Event: 1.710 Loading class java/util/regex/PatternSyntaxException done
Event: 1.710 Loading class java/util/regex/Pattern$GroupCurly
Event: 1.710 Loading class java/util/regex/Pattern$GroupCurly done
Event: 1.717 Loading class java/util/Spliterators$2Adapter
Event: 1.717 Loading class java/util/PrimitiveIterator$OfInt
Event: 1.717 Loading class java/util/PrimitiveIterator
Event: 1.717 Loading class java/util/PrimitiveIterator done
Event: 1.717 Loading class java/util/PrimitiveIterator$OfInt done
Event: 1.717 Loading class java/util/Spliterators$2Adapter done
Event: 1.720 Loading class java/util/Collections$SingletonSet
Event: 1.725 Loading class java/util/Collections$SingletonSet done
Event: 1.733 Loading class java/util/TreeMap$Values
Event: 1.733 Loading class java/util/TreeMap$Values done
Event: 1.734 Loading class java/util/TreeMap$ValueIterator
Event: 1.734 Loading class java/util/TreeMap$ValueIterator done
Event: 1.734 Loading class java/util/stream/Streams$RangeIntSpliterator
Event: 1.734 Loading class java/util/stream/Streams$RangeIntSpliterator done
Event: 1.734 Loading class java/util/Tripwire
Event: 1.734 Loading class java/util/Tripwire done

Classes unloaded (0 events):
No events

Classes redefined (2 events):
Event: 31.735 Thread 0x000001fb32d19e80 redefined class name=stepDefination.LandingPage_StepDefination, count=1
Event: 108.777 Thread 0x000001fb32d19e80 redefined class name=utils.TestContextSetup, count=1

Internal exceptions (20 events):
Event: 1.119 Thread 0x000001fb1b75b880 Exception <a 'java/lang/NoSuchMethodError'{0x000000008e1c2550}: 'int java.lang.invoke.DirectMethodHandle$Holder.invokeSpecialIFC(java.lang.Object, java.lang.Object, java.lang.Object, java.lang.Object, java.lang.Object)'> (0x000000008e1c2550) 
thrown [s\src\hotspot\share\interpreter\linkResolver.cpp, line 774]
Event: 1.144 Thread 0x000001fb1b75b880 Exception <a 'sun/nio/fs/WindowsException'{0x000000008df0ba08}> (0x000000008df0ba08) 
thrown [s\src\hotspot\share\prims\jni.cpp, line 520]
Event: 1.342 Thread 0x000001fb1b75b880 Exception <a 'java/lang/NoSuchMethodError'{0x0000000088397300}: 'void java.lang.invoke.DirectMethodHandle$Holder.invokeVirtual(java.lang.Object, java.lang.Object, java.lang.Object, java.lang.Object)'> (0x0000000088397300) 
thrown [s\src\hotspot\share\interpreter\linkResolver.cpp, line 774]
Event: 1.346 Thread 0x000001fb1b75b880 Exception <a 'java/lang/NoSuchMethodError'{0x00000000883cdaf8}: 'java.lang.ClassLoader java.lang.Class.getClassLoader(java.lang.Class)'> (0x00000000883cdaf8) 
thrown [s\src\hotspot\share\interpreter\linkResolver.cpp, line 774]
Event: 1.348 Thread 0x000001fb1b75b880 Exception <a 'java/lang/NoSuchMethodError'{0x00000000883d23c8}: 'java.lang.Object java.lang.invoke.DirectMethodHandle$Holder.invokeStatic(java.lang.Object, java.lang.Object, int)'> (0x00000000883d23c8) 
thrown [s\src\hotspot\share\interpreter\linkResolver.cpp, line 774]
Event: 1.348 Thread 0x000001fb1b75b880 Exception <a 'java/lang/NoSuchMethodError'{0x00000000883dca28}: 'void java.lang.invoke.DelegatingMethodHandle$Holder.delegate(java.lang.Object, java.lang.Object, int, java.lang.Object)'> (0x00000000883dca28) 
thrown [s\src\hotspot\share\interpreter\linkResolver.cpp, line 774]
Event: 1.363 Thread 0x000001fb1b75b880 Exception <a 'java/lang/NoSuchMethodError'{0x00000000882698f8}: 'java.lang.Object java.lang.invoke.DirectMethodHandle$Holder.newInvokeSpecial(java.lang.Object, java.lang.Object, java.lang.Object, java.lang.Object, java.lang.Object, java.lang.Object)'> (0x00000000882698f8) 
thrown [s\src\hotspot\share\interpreter\linkResolver.cpp, line 774]
Event: 1.364 Thread 0x000001fb1b75b880 Exception <a 'java/lang/NoSuchMethodError'{0x0000000088277928}: 'void java.lang.invoke.DirectMethodHandle$Holder.invokeStaticInit(java.lang.Object)'> (0x0000000088277928) 
thrown [s\src\hotspot\share\interpreter\linkResolver.cpp, line 774]
Event: 1.369 Thread 0x000001fb1b75b880 Exception <a 'java/lang/NoSuchMethodError'{0x000000008828e0d0}: 'java.lang.Object java.lang.invoke.DirectMethodHandle$Holder.invokeSpecialIFC(java.lang.Object, java.lang.Object, java.lang.Object, java.lang.Object, java.lang.Object)'> (0x000000008828e0d0) 
thrown [s\src\hotspot\share\interpreter\linkResolver.cpp, line 774]
Event: 1.433 Thread 0x000001fb1b75b880 Exception <a 'java/lang/NoSuchMethodError'{0x0000000087fcd218}: 'void java.lang.invoke.DirectMethodHandle$Holder.invokeSpecial(java.lang.Object, java.lang.Object, java.lang.Object, java.lang.Object, java.lang.Object)'> (0x0000000087fcd218) 
thrown [s\src\hotspot\share\interpreter\linkResolver.cpp, line 774]
Event: 1.640 Thread 0x000001fb1b75b880 Exception <a 'java/lang/NoSuchMethodError'{0x000000008e9cbbc0}: 'long java.lang.invoke.DelegatingMethodHandle$Holder.reinvoke_L(java.lang.Object, java.lang.Object)'> (0x000000008e9cbbc0) 
thrown [s\src\hotspot\share\interpreter\linkResolver.cpp, line 774]
Event: 1.641 Thread 0x000001fb1b75b880 Exception <a 'java/lang/NoSuchMethodError'{0x000000008e9d5a38}: 'void java.lang.invoke.DelegatingMethodHandle$Holder.reinvoke_L(java.lang.Object, java.lang.Object, long)'> (0x000000008e9d5a38) 
thrown [s\src\hotspot\share\interpreter\linkResolver.cpp, line 774]
Event: 1.641 Thread 0x000001fb1b75b880 Exception <a 'java/lang/NoSuchMethodError'{0x000000008e9dc838}: 'long java.lang.invoke.Invokers$Holder.invokeExact_MT(java.lang.Object, java.lang.Object, java.lang.Object)'> (0x000000008e9dc838) 
thrown [s\src\hotspot\share\interpreter\linkResolver.cpp, line 774]
Event: 1.645 Thread 0x000001fb1b75b880 Exception <a 'java/lang/NoSuchMethodError'{0x000000008e9f2dc8}: 'java.lang.Object java.lang.invoke.Invokers$Holder.invokeExact_MT(java.lang.Object, java.lang.Object, java.lang.Object, java.lang.Object, java.lang.Object)'> (0x000000008e9f2dc8) 
thrown [s\src\hotspot\share\interpreter\linkResolver.cpp, line 774]
Event: 1.713 Thread 0x000001fb1b75b880 Exception <a 'java/lang/NoSuchMethodError'{0x00000000884e52e0}: 'java.lang.Object java.lang.invoke.DirectMethodHandle$Holder.invokeStaticInit(java.lang.Object, java.lang.Object, java.lang.Object, int)'> (0x00000000884e52e0) 
thrown [s\src\hotspot\share\interpreter\linkResolver.cpp, line 774]
Event: 1.714 Thread 0x000001fb1b75b880 Exception <a 'java/lang/NoSuchMethodError'{0x00000000884f2b88}: 'java.lang.Object java.lang.invoke.DirectMethodHandle$Holder.invokeStatic(java.lang.Object, java.lang.Object, java.lang.Object, java.lang.Object, java.lang.Object, java.lang.Object, java.lang.Object, int)'> (0x00000000884f2b88) 
thrown [s\src\hotspot\share\interpreter\linkResolver.cpp, line 774]
Event: 1.715 Thread 0x000001fb1b75b880 Exception <a 'java/lang/NoSuchMethodError'{0x00000000884f6c80}: 'java.lang.Object java.lang.invoke.DirectMethodHandle$Holder.invokeStaticInit(java.lang.Object, java.lang.Object, java.lang.Object, java.lang.Object, java.lang.Object, java.lang.Object, java.lang.Object, int)'> (0x00000000884f6c80) 
thrown [s\src\hotspot\share\interpreter\linkResolver.cpp, line 774]
Event: 1.726 Thread 0x000001fb1b75b880 Exception <a 'java/lang/NoSuchMethodError'{0x000000008833b028}: 'java.lang.Object java.lang.invoke.DirectMethodHandle$Holder.newInvokeSpecial(java.lang.Object, java.lang.Object, java.lang.Object, int)'> (0x000000008833b028) 
thrown [s\src\hotspot\share\interpreter\linkResolver.cpp, line 774]
Event: 1.726 Thread 0x000001fb1b75b880 Exception <a 'java/lang/NoSuchMethodError'{0x000000008833f080}: 'java.lang.Object java.lang.invoke.DirectMethodHandle$Holder.invokeSpecial(java.lang.Object, java.lang.Object, java.lang.Object, java.lang.Object, int)'> (0x000000008833f080) 
thrown [s\src\hotspot\share\interpreter\linkResolver.cpp, line 774]
Event: 1.726 Thread 0x000001fb1b75b880 Exception <a 'java/lang/NoSuchMethodError'{0x00000000883429d8}: 'java.lang.Object java.lang.invoke.Invokers$Holder.linkToTargetMethod(java.lang.Object, java.lang.Object, int, java.lang.Object)'> (0x00000000883429d8) 
thrown [s\src\hotspot\share\interpreter\linkResolver.cpp, line 774]

ZGC Phase Switch (0 events):
No events

VM Operations (20 events):
Event: 31.831 Executing VM operation: get/set locals
Event: 31.831 Executing VM operation: get/set locals done
Event: 60.240 Executing VM operation: HandshakeAllThreads (HandshakeForDeflation)
Event: 60.240 Executing VM operation: HandshakeAllThreads (HandshakeForDeflation) done
Event: 60.240 Executing VM operation: RendezvousGCThreads
Event: 60.240 Executing VM operation: RendezvousGCThreads done
Event: 62.261 Executing VM operation: Cleanup
Event: 62.261 Executing VM operation: Cleanup done
Event: 108.764 Executing VM operation: ChangeSingleStep
Event: 108.764 Executing VM operation: ChangeSingleStep done
Event: 108.766 Executing VM operation: ChangeSingleStep
Event: 108.766 Executing VM operation: ChangeSingleStep done
Event: 108.774 Executing VM operation: RedefineClasses
Event: 108.781 Executing VM operation: RedefineClasses done
Event: 108.787 Executing VM operation: ChangeBreakpoints
Event: 108.788 Executing VM operation: ChangeBreakpoints done
Event: 108.794 Executing VM operation: ChangeBreakpoints
Event: 108.794 Executing VM operation: ChangeBreakpoints done
Event: 108.797 Executing VM operation: ChangeSingleStep
Event: 108.797 Executing VM operation: ChangeSingleStep done

Events (17 events):
Event: 0.011 Thread 0x000001fb1b75b880 Thread added: 0x000001fb1b75b880
Event: 0.059 Thread 0x000001fb37050dd0 Thread added: 0x000001fb37050dd0
Event: 0.059 Thread 0x000001fb370516d0 Thread added: 0x000001fb370516d0
Event: 0.060 Thread 0x000001fb3707ea20 Thread added: 0x000001fb3707ea20
Event: 0.060 Thread 0x000001fb3707f480 Thread added: 0x000001fb3707f480
Event: 0.060 Thread 0x000001fb37056d90 Thread added: 0x000001fb37056d90
Event: 0.060 Thread 0x000001fb3705bfc0 Thread added: 0x000001fb3705bfc0
Event: 0.060 Thread 0x000001fb370698a0 Thread added: 0x000001fb370698a0
Event: 0.060 Thread 0x000001fb3706ed60 Thread added: 0x000001fb3706ed60
Event: 0.134 Thread 0x000001fb3723bdf0 Thread added: 0x000001fb3723bdf0
Event: 0.134 Thread 0x000001fb37246140 Thread added: 0x000001fb37246140
Event: 0.134 Thread 0x000001fb3724b320 Thread added: 0x000001fb3724b320
Event: 0.365 Thread 0x000001fb37250420 Thread added: 0x000001fb37250420
Event: 0.377 Thread 0x000001fb3726a7d0 Thread added: 0x000001fb3726a7d0
Event: 0.579 Thread 0x000001fb37a9a930 Thread added: 0x000001fb37a9a930
Event: 0.699 Thread 0x000001fb37bed730 Thread added: 0x000001fb37bed730
Event: 7.017 Thread 0x000001fb37a9a930 Thread exited: 0x000001fb37a9a930


Dynamic libraries:
0x00007ff661780000 - 0x00007ff66178e000 	C:\Users\tanu1\.p2\pool\plugins\org.eclipse.justj.openjdk.hotspot.jre.full.win32.x86_64_22.0.1.v20240426-1149\jre\bin\javaw.exe
0x00007ffbe5e50000 - 0x00007ffbe6067000 	C:\WINDOWS\SYSTEM32\ntdll.dll
0x00007ffbe4640000 - 0x00007ffbe4704000 	C:\WINDOWS\System32\KERNEL32.DLL
0x00007ffbe3550000 - 0x00007ffbe38fc000 	C:\WINDOWS\System32\KERNELBASE.dll
0x00007ffbe31f0000 - 0x00007ffbe3301000 	C:\WINDOWS\System32\ucrtbase.dll
0x00007ffba8d80000 - 0x00007ffba8d9b000 	C:\Users\tanu1\.p2\pool\plugins\org.eclipse.justj.openjdk.hotspot.jre.full.win32.x86_64_22.0.1.v20240426-1149\jre\bin\VCRUNTIME140.dll
0x00007ffba8da0000 - 0x00007ffba8db7000 	C:\Users\tanu1\.p2\pool\plugins\org.eclipse.justj.openjdk.hotspot.jre.full.win32.x86_64_22.0.1.v20240426-1149\jre\bin\jli.dll
0x00007ffbe5900000 - 0x00007ffbe5aae000 	C:\WINDOWS\System32\USER32.dll
0x00007ffbe3310000 - 0x00007ffbe3336000 	C:\WINDOWS\System32\win32u.dll
0x00007ffbd0e00000 - 0x00007ffbd1093000 	C:\WINDOWS\WinSxS\amd64_microsoft.windows.common-controls_6595b64144ccf1df_6.0.22621.3672_none_2713b9d173822955\COMCTL32.dll
0x00007ffbe49c0000 - 0x00007ffbe49e9000 	C:\WINDOWS\System32\GDI32.dll
0x00007ffbe3d00000 - 0x00007ffbe3da7000 	C:\WINDOWS\System32\msvcrt.dll
0x00007ffbe3980000 - 0x00007ffbe3a99000 	C:\WINDOWS\System32\gdi32full.dll
0x00007ffbe3340000 - 0x00007ffbe33da000 	C:\WINDOWS\System32\msvcp_win.dll
0x00007ffbe4040000 - 0x00007ffbe4071000 	C:\WINDOWS\System32\IMM32.DLL
0x00007ffbd0a20000 - 0x00007ffbd0a2c000 	C:\Users\tanu1\.p2\pool\plugins\org.eclipse.justj.openjdk.hotspot.jre.full.win32.x86_64_22.0.1.v20240426-1149\jre\bin\vcruntime140_1.dll
0x00007ffba8cf0000 - 0x00007ffba8d7e000 	C:\Users\tanu1\.p2\pool\plugins\org.eclipse.justj.openjdk.hotspot.jre.full.win32.x86_64_22.0.1.v20240426-1149\jre\bin\msvcp140.dll
0x00007ffb4e8b0000 - 0x00007ffb4f672000 	C:\Users\tanu1\.p2\pool\plugins\org.eclipse.justj.openjdk.hotspot.jre.full.win32.x86_64_22.0.1.v20240426-1149\jre\bin\server\jvm.dll
0x00007ffbe5d50000 - 0x00007ffbe5e02000 	C:\WINDOWS\System32\ADVAPI32.dll
0x00007ffbe5b40000 - 0x00007ffbe5bea000 	C:\WINDOWS\System32\sechost.dll
0x00007ffbe3b60000 - 0x00007ffbe3b88000 	C:\WINDOWS\System32\bcrypt.dll
0x00007ffbe3ea0000 - 0x00007ffbe3fb5000 	C:\WINDOWS\System32\RPCRT4.dll
0x00007ffbe5880000 - 0x00007ffbe58f1000 	C:\WINDOWS\System32\WS2_32.dll
0x00007ffbe1fe0000 - 0x00007ffbe202d000 	C:\WINDOWS\SYSTEM32\POWRPROF.dll
0x00007ffbd8900000 - 0x00007ffbd8934000 	C:\WINDOWS\SYSTEM32\WINMM.dll
0x00007ffbd4fe0000 - 0x00007ffbd4fea000 	C:\WINDOWS\SYSTEM32\VERSION.dll
0x00007ffbe1fb0000 - 0x00007ffbe1fc3000 	C:\WINDOWS\SYSTEM32\UMPDC.dll
0x00007ffbe2270000 - 0x00007ffbe2288000 	C:\WINDOWS\SYSTEM32\kernel.appcore.dll
0x00007ffbd5fa0000 - 0x00007ffbd5faa000 	C:\Users\tanu1\.p2\pool\plugins\org.eclipse.justj.openjdk.hotspot.jre.full.win32.x86_64_22.0.1.v20240426-1149\jre\bin\jimage.dll
0x00007ffbe03f0000 - 0x00007ffbe0622000 	C:\WINDOWS\SYSTEM32\DBGHELP.DLL
0x00007ffbe5250000 - 0x00007ffbe55d8000 	C:\WINDOWS\System32\combase.dll
0x00007ffbe55e0000 - 0x00007ffbe56b7000 	C:\WINDOWS\System32\OLEAUT32.dll
0x00007ffbb8410000 - 0x00007ffbb8442000 	C:\WINDOWS\SYSTEM32\dbgcore.DLL
0x00007ffbe3900000 - 0x00007ffbe397b000 	C:\WINDOWS\System32\bcryptPrimitives.dll
0x00007ffba8cb0000 - 0x00007ffba8cec000 	C:\Users\tanu1\.p2\pool\plugins\org.eclipse.justj.openjdk.hotspot.jre.full.win32.x86_64_22.0.1.v20240426-1149\jre\bin\jdwp.dll
0x00007ffbaae70000 - 0x00007ffbaae8e000 	C:\Users\tanu1\.p2\pool\plugins\org.eclipse.justj.openjdk.hotspot.jre.full.win32.x86_64_22.0.1.v20240426-1149\jre\bin\java.dll
0x00007ffbe49f0000 - 0x00007ffbe524c000 	C:\WINDOWS\System32\SHELL32.dll
0x00007ffbe4810000 - 0x00007ffbe49b5000 	C:\WINDOWS\System32\ole32.dll
0x00007ffbaa7d0000 - 0x00007ffbaa7e7000 	C:\Users\tanu1\.p2\pool\plugins\org.eclipse.justj.openjdk.hotspot.jre.full.win32.x86_64_22.0.1.v20240426-1149\jre\bin\zip.dll
0x00007ffbe1090000 - 0x00007ffbe1987000 	C:\WINDOWS\SYSTEM32\windows.storage.dll
0x00007ffbe0f50000 - 0x00007ffbe108f000 	C:\WINDOWS\SYSTEM32\wintypes.dll
0x00007ffbe4710000 - 0x00007ffbe4804000 	C:\WINDOWS\System32\SHCORE.dll
0x00007ffbe3e40000 - 0x00007ffbe3e9e000 	C:\WINDOWS\System32\shlwapi.dll
0x00007ffbe30b0000 - 0x00007ffbe30d1000 	C:\WINDOWS\SYSTEM32\profapi.dll
0x00007ffbb7990000 - 0x00007ffbb799c000 	C:\Users\tanu1\.p2\pool\plugins\org.eclipse.justj.openjdk.hotspot.jre.full.win32.x86_64_22.0.1.v20240426-1149\jre\bin\dt_socket.dll
0x00007ffbe1ca0000 - 0x00007ffbe1ccd000 	C:\WINDOWS\SYSTEM32\IPHLPAPI.DLL
0x00007ffbe26f0000 - 0x00007ffbe2759000 	C:\WINDOWS\system32\mswsock.dll
0x00007ffbe1d20000 - 0x00007ffbe1e18000 	C:\WINDOWS\SYSTEM32\DNSAPI.dll
0x00007ffbe4190000 - 0x00007ffbe4199000 	C:\WINDOWS\System32\NSI.dll
0x00007ffbd84b0000 - 0x00007ffbd84ba000 	C:\Windows\System32\rasadhlp.dll
0x00007ffbd9a90000 - 0x00007ffbd9b13000 	C:\WINDOWS\System32\fwpuclnt.dll
0x00007ffbd5f20000 - 0x00007ffbd5f30000 	C:\Users\tanu1\.p2\pool\plugins\org.eclipse.justj.openjdk.hotspot.jre.full.win32.x86_64_22.0.1.v20240426-1149\jre\bin\net.dll
0x00007ffbaa7b0000 - 0x00007ffbaa7c6000 	C:\Users\tanu1\.p2\pool\plugins\org.eclipse.justj.openjdk.hotspot.jre.full.win32.x86_64_22.0.1.v20240426-1149\jre\bin\nio.dll
0x00007ffbd4fd0000 - 0x00007ffbd4fe0000 	C:\Users\tanu1\.p2\pool\plugins\org.eclipse.justj.openjdk.hotspot.jre.full.win32.x86_64_22.0.1.v20240426-1149\jre\bin\verify.dll
0x00007ffbb93a0000 - 0x00007ffbb93a9000 	C:\Users\tanu1\.p2\pool\plugins\org.eclipse.justj.openjdk.hotspot.jre.full.win32.x86_64_22.0.1.v20240426-1149\jre\bin\extnet.dll
0x00007ffbe2960000 - 0x00007ffbe297b000 	C:\WINDOWS\SYSTEM32\CRYPTSP.dll
0x00007ffbe21d0000 - 0x00007ffbe2205000 	C:\WINDOWS\system32\rsaenh.dll
0x00007ffbe27f0000 - 0x00007ffbe2818000 	C:\WINDOWS\SYSTEM32\USERENV.dll
0x00007ffbe2950000 - 0x00007ffbe295c000 	C:\WINDOWS\SYSTEM32\CRYPTBASE.dll

dbghelp: loaded successfully - version: 4.0.5 - missing functions: none
symbol engine: initialized successfully - sym options: 0x614 - pdb path: .;C:\Users\tanu1\.p2\pool\plugins\org.eclipse.justj.openjdk.hotspot.jre.full.win32.x86_64_22.0.1.v20240426-1149\jre\bin;C:\WINDOWS\SYSTEM32;C:\WINDOWS\WinSxS\amd64_microsoft.windows.common-controls_6595b64144ccf1df_6.0.22621.3672_none_2713b9d173822955;C:\Users\tanu1\.p2\pool\plugins\org.eclipse.justj.openjdk.hotspot.jre.full.win32.x86_64_22.0.1.v20240426-1149\jre\bin\server

VM Arguments:
jvm_args: -XX:+ShowCodeDetailsInExceptionMessages -agentlib:jdwp=transport=dt_socket,suspend=y,address=localhost:51415 -ea -Dfile.encoding=UTF-8 -Dstdout.encoding=UTF-8 -Dstderr.encoding=UTF-8 
java_command: org.testng.remote.RemoteTestNG -serport 51414 -protocol json -d C:\Users\tanu1\eclipse-workspace\CucumberFramework\test-output C:\Users\tanu1\AppData\Local\Temp\testng-eclipse--844329162\testng-customsuite.xml
java_class_path (initial): C:\Users\tanu1\eclipse\java-2024-06\eclipse\configuration\org.eclipse.osgi\525\0\.cp\lib\testng-remote.jar;C:\Users\tanu1\eclipse-workspace\CucumberFramework\target\test-classes;C:\Users\tanu1\eclipse-workspace\CucumberFramework\target\classes;C:\Users\tanu1\.m2\repository\org\testng\testng\7.10.2\testng-7.10.2.jar;C:\Users\tanu1\.m2\repository\org\slf4j\slf4j-api\1.7.36\slf4j-api-1.7.36.jar;C:\Users\tanu1\.m2\repository\com\beust\jcommander\1.82\jcommander-1.82.jar;C:\Users\tanu1\.m2\repository\org\webjars\jquery\3.7.1\jquery-3.7.1.jar;C:\Users\tanu1\.m2\repository\io\cucumber\cucumber-java\7.18.0\cucumber-java-7.18.0.jar;C:\Users\tanu1\.m2\repository\io\cucumber\cucumber-core\7.18.0\cucumber-core-7.18.0.jar;C:\Users\tanu1\.m2\repository\io\cucumber\cucumber-gherkin\7.18.0\cucumber-gherkin-7.18.0.jar;C:\Users\tanu1\.m2\repository\io\cucumber\cucumber-gherkin-messages\7.18.0\cucumber-gherkin-messages-7.18.0.jar;C:\Users\tanu1\.m2\repository\io\cucumber\gherkin\28.0.0\gherkin-28.0.0.jar;C:\Users\tanu1\.m2\repository\io\cucumber\messages\24.1.0\messages-24.1.0.jar;C:\Users\tanu1\.m2\repository\io\cucumber\testng-xml-formatter\0.1.0\testng-xml-formatter-0.1.0.jar;C:\Users\tanu1\.m2\repository\io\cucumber\query\12.2.0\query-12.2.0.jar;C:\Users\tanu1\.m2\repository\io\cucumber\tag-expressions\6.1.0\tag-expressions-6.1.0.jar;C:\Users\tanu1\.m2\repository\io\cucumber\cucumber-expressions\17.1.0\cucumber-expressions-17.1.0.jar;C:\Users\tanu1\.m2\repository\io\cucumber\datatable\7.18.0\datatable-7.18.0.jar;C:\Users\tanu1\.m2\repository\io\cucumber\cucumber-plugin\7.18.0\cucumber-plugin-7.18.0.jar;C:\Users\tanu1\.m2\repository\io\cucumber\docstring\7.18.0\docstring-7.18.0.jar;C:\Users\tanu1\.m2\repository\io\cucumber\html-formatter\21.3.1\html-formatter-21.3.1.jar;C:\Users\tanu1\.m2\repository\io\cucumber\junit-xml-formatter\0.4.0\junit-xml-formatter-0.4.0.jar;C:\Users\tanu1\.m2\repository\io\cucumber\ci-environment\10.0.1\ci-environment-10.0.1.jar;C:\Users\tanu1\.m2\repository\org\apiguardian\apiguardian-api\1.1.2\apiguardian-api-1.1.2.jar;C:\Users\tanu1\.m2\repository\io\cucumber\cucumber-testng\7.18.0\cucumber-testng-7.18.0.jar;C:\Users\tanu1\.m2\repository\org\seleniumhq\selenium\selenium-java\4.22.0\selenium-java-4.22.0.jar;C:\Users\tanu1\.m2\repository\org\seleniumhq\selenium\selenium-api\4.22.0\selenium-api-4.22.0.jar;C:\Users\tanu1\.m2\repository\org\seleniumhq\selenium\selenium-chrome-driver\4.22.0\selenium-chrome-driver-4.22.0.jar;C:\Users\tanu1\.m2\repository\com\google\auto\service\auto-service-annotations\1.1.1\auto-service-annotations-1.1.1.jar;C:\Users\tanu1\.m2\repository\org\seleniumhq\selenium\selenium-chromium-driver\4.22.0\selenium-chromium-driver-4.22.0.jar;C:\Users\tanu1\.m2\repository\org\seleniumhq\selenium\selenium-json\4.22.0\selenium-json-4.22.0.jar;C:\Users\tanu1\.m2\repository\org\seleniumhq\selenium\selenium-manager\4.22.0\selenium-manager-4.22.0.jar;C:\Users\tanu1\.m2\repository\org\seleniumhq\selenium\selenium-devtools-v124\4.22.0\selenium-devtools-v124-4.22.0.jar;C:\Users\tanu1\.m2\repository\org\seleniumhq\selenium\selenium-devtools-v125\4.22.0\selenium-devtools-v125-4.22.0.jar;C:\Users\tanu1\.m2\repository\org\seleniumhq\selenium\selenium-devtools-v126\4.22.0\selenium-devtools-v126-4.22.0.jar;C:\Users\tanu1\.m2\repository\org\seleniumhq\selenium\selenium-devtools-v85\4.22.0\selenium-devtools-v85-4.22.0.jar;C:\Users\tanu1\.m2\repository\org\seleniumhq\selenium\selenium-edge-driver\4.22.0\selenium-edge-driver-4.22.0.jar;C:\Users\tanu1\.m2\repository\org\seleniumhq\selenium\selenium-firefox-driver\4.22.0\selenium-firefox-driver-4.22.0.jar;C:\Users\tanu1\.m2\repository\org\seleniumhq\selenium\selenium-http\4.22.0\selenium-http-4.22.0.jar;C:\Users\tanu1\.m2\repository\dev\failsafe\failsafe\3.3.2\failsafe-3.3.2.jar;C:\Users\tanu1\.m2\repository\org\seleniumhq\selenium\selenium-ie-driver\4.22.0\selenium-ie-driver-4.22.0.jar;C:\Users\tanu1\.m2\repository\org\seleniumhq\selenium\selenium-remote-driver\4.22.0\selenium-remote-driver-4.22.0.jar;C:\Users\tanu1\.m2\repository\com\google\guava\guava\33.2.1-jre\guava-33.2.1-jre.jar;C:\Users\tanu1\.m2\repository\com\google\guava\failureaccess\1.0.2\failureaccess-1.0.2.jar;C:\Users\tanu1\.m2\repository\com\google\guava\listenablefuture\9999.0-empty-to-avoid-conflict-with-guava\listenablefuture-9999.0-empty-to-avoid-conflict-with-guava.jar;C:\Users\tanu1\.m2\repository\com\google\code\findbugs\jsr305\3.0.2\jsr305-3.0.2.jar;C:\Users\tanu1\.m2\repository\org\checkerframework\checker-qual\3.42.0\checker-qual-3.42.0.jar;C:\Users\tanu1\.m2\repository\com\google\errorprone\error_prone_annotations\2.26.1\error_prone_annotations-2.26.1.jar;C:\Users\tanu1\.m2\repository\com\google\j2objc\j2objc-annotations\3.0.0\j2objc-annotations-3.0.0.jar;C:\Users\tanu1\.m2\repository\io\opentelemetry\semconv\opentelemetry-semconv\1.25.0-alpha\opentelemetry-semconv-1.25.0-alpha.jar;C:\Users\tanu1\.m2\repository\io\opentelemetry\opentelemetry-api\1.39.0\opentelemetry-api-1.39.0.jar;C:\Users\tanu1\.m2\repository\io\opentelemetry\opentelemetry-context\1.39.0\opentelemetry-context-1.39.0.jar;C:\Users\tanu1\.m2\repository\io\opentelemetry\opentelemetry-exporter-logging\1.39.0\opentelemetry-exporter-logging-1.39.0.jar;C:\Users\tanu1\.m2\repository\io\opentelemetry\opentelemetry-sdk-common\1.39.0\opentelemetry-sdk-common-1.39.0.jar;C:\Users\tanu1\.m2\repository\io\opentelemetry\opentelemetry-sdk-extension-autoconfigure-spi\1.39.0\opentelemetry-sdk-extension-autoconfigure-spi-1.39.0.jar;C:\Users\tanu1\.m2\repository\io\opentelemetry\opentelemetry-sdk-extension-autoconfigure\1.39.0\opentelemetry-sdk-extension-autoconfigure-1.39.0.jar;C:\Users\tanu1\.m2\repository\io\opentelemetry\opentelemetry-api-incubator\1.39.0-alpha\opentelemetry-api-incubator-1.39.0-alpha.jar;C:\Users\tanu1\.m2\repository\io\opentelemetry\opentelemetry-sdk-trace\1.39.0\opentelemetry-sdk-trace-1.39.0.jar;C:\Users\tanu1\.m2\repository\io\opentelemetry\opentelemetry-sdk\1.39.0\opentelemetry-sdk-1.39.0.jar;C:\Users\tanu1\.m2\repository\io\opentelemetry\opentelemetry-sdk-metrics\1.39.0\opentelemetry-sdk-metrics-1.39.0.jar;C:\Users\tanu1\.m2\repository\io\opentelemetry\opentelemetry-sdk-logs\1.39.0\opentelemetry-sdk-logs-1.39.0.jar;C:\Users\tanu1\.m2\repository\net\bytebuddy\byte-buddy\1.14.17\byte-buddy-1.14.17.jar;C:\Users\tanu1\.m2\repository\org\seleniumhq\selenium\selenium-os\4.22.0\selenium-os-4.22.0.jar;C:\Users\tanu1\.m2\repository\org\apache\commons\commons-exec\1.4.0\commons-exec-1.4.0.jar;C:\Users\tanu1\.m2\repository\org\seleniumhq\selenium\selenium-safari-driver\4.22.0\selenium-safari-driver-4.22.0.jar;C:\Users\tanu1\.m2\repository\org\seleniumhq\selenium\selenium-support\4.22.0\selenium-support-4.22.0.jar;C:\Users\tanu1\.m2\repository\io\cucumber\cucumber-picocontainer\7.18.0\cucumber-picocontainer-7.18.0.jar;C:\Users\tanu1\.m2\repository\org\picocontainer\picocontainer\2.15\picocontainer-2.15.jar
Launcher Type: SUN_STANDARD

[Global flags]
     intx CICompilerCount                          = 3                                         {product} {ergonomic}
     uint ConcGCThreads                            = 1                                         {product} {ergonomic}
     uint G1ConcRefinementThreads                  = 4                                         {product} {ergonomic}
   size_t G1HeapRegionSize                         = 1048576                                   {product} {ergonomic}
   size_t InitialHeapSize                          = 127926272                                 {product} {ergonomic}
   size_t MarkStackSize                            = 4194304                                   {product} {ergonomic}
   size_t MaxHeapSize                              = 2030043136                                {product} {ergonomic}
   size_t MaxNewSize                               = 1217396736                                {product} {ergonomic}
   size_t MinHeapDeltaBytes                        = 1048576                                   {product} {ergonomic}
   size_t MinHeapSize                              = 8388608                                   {product} {ergonomic}
    uintx NonNMethodCodeHeapSize                   = 5832780                                {pd product} {ergonomic}
    uintx NonProfiledCodeHeapSize                  = 122912730                              {pd product} {ergonomic}
    uintx ProfiledCodeHeapSize                     = 122912730                              {pd product} {ergonomic}
    uintx ReservedCodeCacheSize                    = 251658240                              {pd product} {ergonomic}
     bool SegmentedCodeCache                       = true                                      {product} {ergonomic}
     bool ShowCodeDetailsInExceptionMessages       = true                                   {manageable} {command line}
   size_t SoftMaxHeapSize                          = 2030043136                             {manageable} {ergonomic}
     bool UseCompressedOops                        = true                           {product lp64_product} {ergonomic}
     bool UseG1GC                                  = true                                      {product} {ergonomic}
     bool UseLargePagesIndividualAllocation        = false                                  {pd product} {ergonomic}

Logging:
Log output configuration:
 #0: stdout all=warning uptime,level,tags foldmultilines=false
 #1: stderr all=off uptime,level,tags foldmultilines=false

Environment Variables:
PATH=C:\Users\tanu1\.p2\pool\plugins\org.eclipse.justj.openjdk.hotspot.jre.full.win32.x86_64_22.0.1.v20240426-1149\jre\bin;C:/Users/tanu1/.p2/pool/plugins/org.eclipse.justj.openjdk.hotspot.jre.full.win32.x86_64_22.0.1.v20240426-1149/jre/bin/server;C:/Users/tanu1/.p2/pool/plugins/org.eclipse.justj.openjdk.hotspot.jre.full.win32.x86_64_22.0.1.v20240426-1149/jre/bin;C:\Python312\Scripts\;C:\Python312\;C:\Program Files\Common Files\Oracle\Java\javapath;%SystemRoot%\system32;%SystemRoot%;%SystemRoot%\System32\Wbem;%SYSTEMROOT%\System32\WindowsPowerShell\v1.0\;%SYSTEMROOT%\System32\OpenSSH\;C:\Program Files\Git\cmd;C:\Program Files\nodejs\;C:\ProgramData\chocolatey\bin;C:\Android;C:\Windows\System32;C:\Users\tanu1\AppData\Local\Microsoft\WindowsApps;C:\Users\tanu1\Downloads\apache-maven-3.9.8-bin\apache-maven-3.9.8\bin;C:\Users\tanu1\AppData\Local\Microsoft\WinGet\Packages\Schniz.fnm_Microsoft.Winget.Source_8wekyb3d8bbwe;C:\Users\tanu1\AppData\Roaming\npm;C:\Users\tanu1\AppData\Local\Android\Sdk\platform-tools;C:\Program Files\nodejs\node_modules\npm;C:\Users\tanu1\AppData\Local\Programs\Microsoft VS Code\bin;C:\Users\tanu1\AppData\Local\Android\Sdk\;C:\Users\tanu1\AppData\Local\Android\Sdk\platform-tools;;C:\Users\tanu1\eclipse\java-2024-06\eclipse;
USERNAME=tanu1
OS=Windows_NT
PROCESSOR_IDENTIFIER=Intel64 Family 6 Model 140 Stepping 1, GenuineIntel
TMP=C:\Users\tanu1\AppData\Local\Temp
TEMP=C:\Users\tanu1\AppData\Local\Temp




Periodic native trim disabled

---------------  S Y S T E M  ---------------

OS:
 Windows 11 , 64 bit Build 22621 (10.0.22621.3672)
OS uptime: 8 days 13:21 hours
Hyper-V role detected

CPU: total 4 (initial active 4) (2 cores per cpu, 2 threads per core) family 6 model 140 stepping 1 microcode 0x6c, cx8, cmov, fxsr, ht, mmx, 3dnowpref, sse, sse2, sse3, ssse3, sse4.1, sse4.2, popcnt, lzcnt, tsc, tscinvbit, avx, avx2, aes, erms, clmul, bmi1, bmi2, adx, avx512f, avx512dq, avx512cd, avx512bw, avx512vl, sha, fma, vzeroupper, avx512_vpopcntdq, avx512_vpclmulqdq, avx512_vaes, avx512_vnni, clflush, clflushopt, clwb, avx512_vbmi2, avx512_vbmi, hv, rdtscp, rdpid, fsrm, gfni, avx512_bitalg, f16c, cet_ibt, cet_ss, avx512_ifma
Processor Information for processor 0
  Max Mhz: 2995, Current Mhz: 2995, Mhz Limit: 2995
Processor Information for processor 1
  Max Mhz: 2995, Current Mhz: 2995, Mhz Limit: 2995
Processor Information for processor 2
  Max Mhz: 2995, Current Mhz: 2995, Mhz Limit: 2995
Processor Information for processor 3
  Max Mhz: 2995, Current Mhz: 1198, Mhz Limit: 2995

Memory: 4k page, system-wide physical 7739M (507M free)
TotalPageFile size 14931M (AvailPageFile size 2131M)
current process WorkingSet (physical memory assigned to process): 100M, peak: 166M
current process commit charge ("private bytes"): 130M, peak: 220M

vm_info: OpenJDK 64-Bit Server VM (22.0.1+8) for windows-amd64 JRE (22.0.1+8), built on 2024-04-16T00:00:00Z by "admin" with MS VC++ 17.7 (VS2022)

END.
